<?xml version="1.0" encoding="UTF-8"?>
<!-- Generated by org.testng.reporters.JUnitXMLReporter -->
<testsuite hostname="ALDPC0692" name="com.fanbei.repayCash" tests="3" failures="2" timestamp="12 Sep 2017 06:55:17 GMT" time="6.861" errors="0">
  <testcase name="confirmRepay" time="2.03" classname="com.fanbei.repayCash.GetConfirmRepayInfoTest">
    <failure type="java.lang.AssertionError" message="expected [1005] but found [1015]">
      <![CDATA[java.lang.AssertionError: expected [1005] but found [1015]
	at com.fanbei.repayCash.GetConfirmRepayInfoTest.confirmRepay(GetConfirmRepayInfoTest.java:76)
... Removed 29 stack frames]]>
    </failure>
  </testcase> <!-- confirmRepay -->
  <testcase name="confirmRepay" time="2.171" classname="com.fanbei.repayCash.GetConfirmRepayInfoTest"/>
  <testcase name="confirmRepay" time="2.045" classname="com.fanbei.repayCash.GetConfirmRepayInfoTest">
    <failure type="java.lang.AssertionError" message="expected [1000] but found [2005]">
      <![CDATA[java.lang.AssertionError: expected [1000] but found [2005]
	at com.fanbei.repayCash.GetConfirmRepayInfoTest.confirmRepay(GetConfirmRepayInfoTest.java:76)
... Removed 29 stack frames]]>
    </failure>
  </testcase> <!-- confirmRepay -->
</testsuite> <!-- com.fanbei.repayCash -->
