<?xml version="1.0" encoding="UTF-8"?>
<!-- Generated by org.testng.reporters.JUnitXMLReporter -->
<testsuite hostname="ALDPC0692" name="com.fanbei.borrowCash" tests="26" failures="7" timestamp="30 Aug 2017 11:33:40 GMT" time="1.674" errors="0">
  <testcase name="GetBowCashLogInInfo" time="0.069" classname="com.fanbei.borrowCash.GetBowCashLogInInfoTest"/>
  <testcase name="GetBowCashLogInInfo" time="0.081" classname="com.fanbei.borrowCash.GetBowCashLogInInfoTest"/>
  <testcase name="GetBowCashLogInInfo" time="0.033" classname="com.fanbei.borrowCash.GetBowCashLogInInfoTest"/>
  <testcase name="GetBowCashLogInInfo" time="0.038" classname="com.fanbei.borrowCash.GetBowCashLogInInfoTest"/>
  <testcase name="GetBowCashLogInInfo" time="0.037" classname="com.fanbei.borrowCash.GetConfirmBorrowInfoTest">
    <failure type="java.lang.AssertionError" message="expected [2008] but found [1117]">
      <![CDATA[java.lang.AssertionError: expected [2008] but found [1117]
	at com.fanbei.borrowCash.GetConfirmBorrowInfoTest.GetBowCashLogInInfo(GetConfirmBorrowInfoTest.java:71)
... Removed 32 stack frames]]>
    </failure>
  </testcase> <!-- GetBowCashLogInInfo -->
  <testcase name="GetBowCashLogInInfo" time="0.029" classname="com.fanbei.borrowCash.GetConfirmBorrowInfoTest"/>
  <testcase name="GetBowCashLogInInfo" time="0.031" classname="com.fanbei.borrowCash.GetConfirmBorrowInfoTest"/>
  <testcase name="GetBowCashLogInInfo" time="0.042" classname="com.fanbei.borrowCash.GetConfirmBorrowInfoTest"/>
  <testcase name="GetBowCashLogInInfo" time="0.077" classname="com.fanbei.borrowCash.GetConfirmBorrowInfoTest"/>
  <testcase name="GetBowCashLogInInfo" time="0.069" classname="com.fanbei.borrowCash.GetConfirmBorrowInfoTest"/>
  <testcase name="GetBowCashLogInInfo" time="0.028" classname="com.fanbei.borrowCash.GetConfirmBorrowInfoTest"/>
  <testcase name="GetBowCashLogInInfo" time="0.034" classname="com.fanbei.borrowCash.GetConfirmBorrowInfoTest">
    <failure type="java.lang.AssertionError" message="expected [1000] but found [2001]">
      <![CDATA[java.lang.AssertionError: expected [1000] but found [2001]
	at com.fanbei.borrowCash.GetConfirmBorrowInfoTest.GetBowCashLogInInfo(GetConfirmBorrowInfoTest.java:71)
... Removed 32 stack frames]]>
    </failure>
  </testcase> <!-- GetBowCashLogInInfo -->
  <testcase name="GetBowCashLogInInfo" time="0.046" classname="com.fanbei.borrowCash.GetConfirmBorrowInfoTest">
    <failure type="java.lang.AssertionError" message="expected [1000] but found [2001]">
      <![CDATA[java.lang.AssertionError: expected [1000] but found [2001]
	at com.fanbei.borrowCash.GetConfirmBorrowInfoTest.GetBowCashLogInInfo(GetConfirmBorrowInfoTest.java:71)
... Removed 32 stack frames]]>
    </failure>
  </testcase> <!-- GetBowCashLogInInfo -->
  <testcase name="GetBowCashLogInInfo" time="0.036" classname="com.fanbei.borrowCash.GetConfirmBorrowInfoTest">
    <failure type="java.lang.AssertionError" message="expected [1000] but found [2001]">
      <![CDATA[java.lang.AssertionError: expected [1000] but found [2001]
	at com.fanbei.borrowCash.GetConfirmBorrowInfoTest.GetBowCashLogInInfo(GetConfirmBorrowInfoTest.java:71)
... Removed 32 stack frames]]>
    </failure>
  </testcase> <!-- GetBowCashLogInInfo -->
  <testcase name="GetBowCashLogInInfo" time="0.034" classname="com.fanbei.borrowCash.GetConfirmBorrowInfoTest">
    <failure type="java.lang.AssertionError" message="expected [1000] but found [2001]">
      <![CDATA[java.lang.AssertionError: expected [1000] but found [2001]
	at com.fanbei.borrowCash.GetConfirmBorrowInfoTest.GetBowCashLogInInfo(GetConfirmBorrowInfoTest.java:71)
... Removed 32 stack frames]]>
    </failure>
  </testcase> <!-- GetBowCashLogInInfo -->
  <testcase name="GetBowCashLogInInfo" time="0.047" classname="com.fanbei.borrowCash.ApplyBorrowCashV1Test">
    <failure type="java.lang.AssertionError" message="expected [1000] but found [2001]">
      <![CDATA[java.lang.AssertionError: expected [1000] but found [2001]
	at com.fanbei.borrowCash.ApplyBorrowCashV1Test.GetBowCashLogInInfo(ApplyBorrowCashV1Test.java:86)
... Removed 32 stack frames]]>
    </failure>
  </testcase> <!-- GetBowCashLogInInfo -->
  <testcase name="GetBowCashLogInInfo" time="0.11" classname="com.fanbei.borrowCash.ApplyBorrowCashV1Test">
    <failure type="java.lang.AssertionError" message="expected [1000] but found [2001]">
      <![CDATA[java.lang.AssertionError: expected [1000] but found [2001]
	at com.fanbei.borrowCash.ApplyBorrowCashV1Test.GetBowCashLogInInfo(ApplyBorrowCashV1Test.java:86)
... Removed 32 stack frames]]>
    </failure>
  </testcase> <!-- GetBowCashLogInInfo -->
  <testcase name="GetBowCashLogInInfo" time="0.043" classname="com.fanbei.borrowCash.ApplyBorrowCashV1Test"/>
  <testcase name="getBorrowCashList" time="0.033" classname="com.fanbei.borrowCash.GetBorrowCashListTest"/>
  <testcase name="getBorrowCashList" time="0.03" classname="com.fanbei.borrowCash.GetBorrowCashListTest"/>
  <testcase name="getBorrowCashList" time="0.033" classname="com.fanbei.borrowCash.GetBorrowCashDetailTest"/>
  <testcase name="applyRenewal" time="0.035" classname="com.fanbei.borrowCash.ApplyRenewalTest"/>
  <testcase name="confirmRenewalPay" time="0.034" classname="com.fanbei.borrowCash.ConfirmRenewalPayTest"/>
  <testcase name="getRenewalList" time="0.031" classname="com.fanbei.borrowCash.GetRenewalListTest"/>
  <testcase name="getRenewalList" time="0.027" classname="com.fanbei.borrowCash.GetRenewalListTest"/>
  <testcase name="getRenewalDetail" time="0.0" classname="com.fanbei.borrowCash.GetRenewalDetailTest">
    <skipped/>
  </testcase> <!-- getRenewalDetail -->
</testsuite> <!-- com.fanbei.borrowCash -->
