<?xml version="1.0" encoding="UTF-8"?>
<!-- Generated by org.testng.reporters.JUnitXMLReporter -->
<testsuite hostname="ALDPC0692" name="com.fanbei.login" tests="7" failures="0" timestamp="30 Aug 2017 11:33:38 GMT" time="0.974" errors="0">
  <testcase name="UserLogin" time="0.599" classname="com.fanbei.login.UserLoginTest"/>
  <testcase name="GetUserInfo" time="0.108" classname="com.fanbei.login.GetUserInfoTest"/>
  <testcase name="GetUserInfo" time="0.032" classname="com.fanbei.login.GetUserInfoTest"/>
  <testcase name="GetUserInfo" time="0.029" classname="com.fanbei.login.GetUserInfoTest"/>
  <testcase name="UserGetMineInfo" time="0.117" classname="com.fanbei.login.UserGetMineInfoTest"/>
  <testcase name="UserGetMineInfo" time="0.037" classname="com.fanbei.login.UserGetMineInfoTest"/>
  <testcase name="UserGetMineInfo" time="0.03" classname="com.fanbei.login.UserGetMineInfoTest"/>
</testsuite> <!-- com.fanbei.login -->
