<?xml version="1.0" encoding="UTF-8"?>
<testsuite name="com.fanbei.borrowCash"
           tests="3"
           failures="0"
           errors="0"
           skipped="0"
           time="0.111">
  <properties />
  
  
            <testcase name="applyRenewal" time="0.042" classname="com.fanbei.borrowCash.ApplyRenewalTest" />
                <testcase name="applyRenewal" time="0.045" classname="com.fanbei.borrowCash.ApplyRenewalTest" />
                <testcase name="applyRenewal" time="0.024" classname="com.fanbei.borrowCash.ApplyRenewalTest" />
      
</testsuite>
